# Файл ручного прописывания длительностей и дат: для подкастов без удобных сайтов.
# Формат: сначала URL или его часть, затем через пробел список чисел.
# Если в списке числа в формате yymmdd, то это даты, иначе длительности в минутах.
# Достаточно двадцати последних.

# Для LinkMeUp длительности есть только во вконтакте
https://vk.com/podcasts-54456105 vk/linkmeup.html
https://vk.com/podcasts-174886726 vk/chainy.html
https://vk.com/podcasts-149678028 vk/virtuality.html

# Длительности
https://itunes.apple.com/podcast/id384460470?mt=2 35,50,39,43,45,62,49,40,65,87,45,67,40,39,36,49,42,26,43,41
/id1209769632?mt=2 37,35,41,32,28,29,25,26,26,27
https://itunes.apple.com/ru/podcast/podkast-razbor-poletov/id594292319?mt=2 42,83,56,112,120,47,147,42,41,54,61,48,40,41,38,120,50,38,40,20,130
https://itunes.apple.com/ru/podcast/drupal-podkasty/id1088466298?mt=2 94,93,61,67,44,41,82,57,104,35,27,37,44,58,56,53,55,43,37,80,62,26,51,40
/id877524123?mt=2 74,36,24,29,37,29,37,24,32,41,41,31,48,28,43,39,35
/id263217309?mt=2 18,33,19,23,24
/id1455494915?mt=2 69,76,71,64
/id1262754639?mt=2 60,36,72,56,64,60,34,35,41,38,35,32,36,30,33,36,41,28,31,31

# Даты
https://soundcloud.com/theodoraudio/sets/vorona 181005,180903,180628
/id1368429747?l=en 180405,180424,180521,180605
